Rendering to 768x768 image
Loaded data for 100000 circles from snow.par
Loaded scene with 100000 circles
Loaded data for 100000 circles from snow.par
Loaded scene with 100000 circles
---------------------------------------------------------
Initializing CUDA for CudaRenderer
Found 1 CUDA devices
Device 0: Tesla K20m
   SMs:        13
   Global mem: 4800 MB
   CUDA Cap:   3.5
---------------------------------------------------------

Running benchmark, 1 frames, beginning at frame 0 ...
Copying image data from device
***************** Correctness check passed **************************
Clear:    0.1857 ms
Advance:  0.0015 ms
Render:   46.5184 ms
Total:    46.7056 ms

Overall:  0.9253 sec (note units are seconds)
